<?xml version="1.0" encoding="UTF-8"?>
<testng-results skipped="0" failed="0" ignored="0" total="1" passed="1">
  <reporter-output>
  </reporter-output>
  <suite name="Default suite" duration-ms="78" started-at="2018-06-26T10:19:47Z" finished-at="2018-06-26T10:19:47Z">
    <groups>
    </groups>
    <test name="Default test" duration-ms="78" started-at="2018-06-26T10:19:47Z" finished-at="2018-06-26T10:19:47Z">
      <class name="Automation.Maven.SignTest">
        <test-method status="PASS" signature="beforeTest()[pri:0, instance:Automation.Maven.SignTest@d56d67]" name="beforeTest" is-config="true" duration-ms="23" started-at="2018-06-26T10:19:47Z" finished-at="2018-06-26T10:19:47Z">
          <reporter-output>
          </reporter-output>
        </test-method> <!-- beforeTest -->
        <test-method status="PASS" signature="f()[pri:0, instance:Automation.Maven.SignTest@d56d67]" name="f" duration-ms="5" started-at="2018-06-26T10:19:47Z" finished-at="2018-06-26T10:19:47Z">
          <reporter-output>
          </reporter-output>
        </test-method> <!-- f -->
      </class> <!-- Automation.Maven.SignTest -->
    </test> <!-- Default test -->
  </suite> <!-- Default suite -->
</testng-results>
